

POST /api/users/register 29-12-2023_04:50:44
POST /api/users/register 29-12-2023_04:50:55
OPTIONS /api/users/register 29-12-2023_04:53:11
POST /api/users/register 29-12-2023_04:53:11
OPTIONS /api/users/register 29-12-2023_04:58:23
POST /api/users/register 29-12-2023_04:58:23
OPTIONS /api/users/register 29-12-2023_05:04:54
POST /api/users/register 29-12-2023_05:04:54
OPTIONS /api/users/register 29-12-2023_05:08:57
POST /api/users/register 29-12-2023_05:08:57
OPTIONS /api/users/register 29-12-2023_05:12:44
POST /api/users/register 29-12-2023_05:12:44
OPTIONS /api/users/register 29-12-2023_05:15:10
POST /api/users/register 29-12-2023_05:15:10
OPTIONS /api/users/register 29-12-2023_05:17:19
POST /api/users/register 29-12-2023_05:17:19
OPTIONS /api/users/register 29-12-2023_05:20:24
POST /api/users/register 29-12-2023_05:20:24
OPTIONS /api/users/register 29-12-2023_05:27:52
POST /api/users/register 29-12-2023_05:27:52
OPTIONS /api/users/register 29-12-2023_05:31:32
POST /api/users/register 29-12-2023_05:31:32
OPTIONS /api/users/register 29-12-2023_06:17:37
POST /api/users/register 29-12-2023_06:17:37
OPTIONS /api/users/register 29-12-2023_06:24:01
POST /api/users/register 29-12-2023_06:24:01
OPTIONS /api/users/register 29-12-2023_06:25:03
POST /api/users/register 29-12-2023_06:25:03
OPTIONS /api/users/register 29-12-2023_06:27:43
POST /api/users/register 29-12-2023_06:27:43
OPTIONS /api/users/register 29-12-2023_06:30:47
POST /api/users/register 29-12-2023_06:30:47
OPTIONS /api/users/register 29-12-2023_06:31:36
POST /api/users/register 29-12-2023_06:31:36
OPTIONS /api/users/register 29-12-2023_06:34:01
POST /api/users/register 29-12-2023_06:34:01
OPTIONS /api/users/register 29-12-2023_06:38:21
POST /api/users/register 29-12-2023_06:38:21
OPTIONS /api/users/login 29-12-2023_06:42:39
POST /api/users/login 29-12-2023_06:42:39
OPTIONS /api/users/login 29-12-2023_06:43:41
POST /api/users/login 29-12-2023_06:43:41
OPTIONS /api/users/login 29-12-2023_06:43:58
POST /api/users/login 29-12-2023_06:43:58
OPTIONS /api/users/register 29-12-2023_06:49:59
POST /api/users/register 29-12-2023_06:49:59
OPTIONS /api/users/register 29-12-2023_06:52:53
POST /api/users/register 29-12-2023_06:52:53
OPTIONS /api/users/register 29-12-2023_06:56:36
POST /api/users/register 29-12-2023_06:56:36
OPTIONS /api/users/register 29-12-2023_10:00:59
POST /api/users/register 29-12-2023_10:00:59
OPTIONS /api/users/register 29-12-2023_10:01:27
POST /api/users/register 29-12-2023_10:01:27
OPTIONS /api/users/register 29-12-2023_10:02:19
POST /api/users/register 29-12-2023_10:02:19
OPTIONS /api/users/register 29-12-2023_10:03:24
POST /api/users/register 29-12-2023_10:03:24
OPTIONS /api/users/register 29-12-2023_10:08:56
POST /api/users/register 29-12-2023_10:08:56
OPTIONS /api/users/register 29-12-2023_10:12:57
POST /api/users/register 29-12-2023_10:12:57
OPTIONS /api/users/register 29-12-2023_10:13:04
POST /api/users/register 29-12-2023_10:13:04
OPTIONS /api/users/login 29-12-2023_10:18:01
POST /api/users/login 29-12-2023_10:18:01
OPTIONS /api/users/login 29-12-2023_10:18:33
POST /api/users/login 29-12-2023_10:18:33
OPTIONS /api/users/login 29-12-2023_10:21:31
POST /api/users/login 29-12-2023_10:21:31
OPTIONS /api/users/register 29-12-2023_10:31:04
POST /api/users/register 29-12-2023_10:31:04
OPTIONS /api/users/register 29-12-2023_10:31:32
POST /api/users/register 29-12-2023_10:31:32
OPTIONS /api/users/register 29-12-2023_10:31:41
POST /api/users/register 29-12-2023_10:31:41
OPTIONS /api/users/register 29-12-2023_10:31:51
POST /api/users/register 29-12-2023_10:31:51
OPTIONS /api/users/register 29-12-2023_10:36:10
POST /api/users/register 29-12-2023_10:36:10
OPTIONS /api/users/register 29-12-2023_10:36:20
POST /api/users/register 29-12-2023_10:36:20
OPTIONS /api/users/register 29-12-2023_10:36:34
POST /api/users/register 29-12-2023_10:36:34
OPTIONS /api/users/register 29-12-2023_10:38:24
POST /api/users/register 29-12-2023_10:38:24
OPTIONS /api/users/register 29-12-2023_10:40:36
POST /api/users/register 29-12-2023_10:40:36
OPTIONS /api/users/register 29-12-2023_10:41:03
POST /api/users/register 29-12-2023_10:41:03
OPTIONS /api/users/register 29-12-2023_10:41:38
POST /api/users/register 29-12-2023_10:41:38
OPTIONS /api/users/register 29-12-2023_10:43:15
POST /api/users/register 29-12-2023_10:43:15
OPTIONS /api/users/register 29-12-2023_10:45:12
POST /api/users/register 29-12-2023_10:45:12
OPTIONS /api/users/register 29-12-2023_10:46:51
POST /api/users/register 29-12-2023_10:46:51
OPTIONS /api/users/register 29-12-2023_10:47:28
POST /api/users/register 29-12-2023_10:47:28
OPTIONS /api/users/register 29-12-2023_10:48:05
POST /api/users/register 29-12-2023_10:48:05
OPTIONS /api/users/register 29-12-2023_10:51:14
POST /api/users/register 29-12-2023_10:51:14
OPTIONS /api/users/register 29-12-2023_10:51:38
POST /api/users/register 29-12-2023_10:51:38
OPTIONS /api/users/register 29-12-2023_10:55:51
POST /api/users/register 29-12-2023_10:55:51
OPTIONS /api/users/register 29-12-2023_10:57:18
POST /api/users/register 29-12-2023_10:57:18
OPTIONS /api/users/register 29-12-2023_10:57:24
POST /api/users/register 29-12-2023_10:57:24
OPTIONS /api/users/login 29-12-2023_10:59:03
POST /api/users/login 29-12-2023_10:59:03
OPTIONS /api/users/current 30-12-2023_11:49:53
OPTIONS /api/users/current 30-12-2023_11:49:53
GET /api/users/current 30-12-2023_11:49:53
GET /api/users/current 30-12-2023_11:49:53
GET /api/users/current 30-12-2023_11:49:56
GET /api/users/current 30-12-2023_11:49:56
OPTIONS /api/users/current 30-12-2023_11:50:29
OPTIONS /api/users/current 30-12-2023_11:50:29
GET /api/users/current 30-12-2023_11:50:29
GET /api/users/current 30-12-2023_11:50:30
OPTIONS /api/users/current 30-12-2023_11:51:31
OPTIONS /api/users/current 30-12-2023_11:51:31
GET /api/users/current 30-12-2023_11:51:31
GET /api/users/current 30-12-2023_11:51:31
OPTIONS /api/users/register 06-01-2024_11:08:13
POST /api/users/register 06-01-2024_11:08:13
OPTIONS /api/users/current 06-01-2024_11:08:45
OPTIONS /api/users/current 06-01-2024_11:08:45
GET /api/users/current 06-01-2024_11:08:45
GET /api/users/current 06-01-2024_11:08:45
OPTIONS /api/users/current 06-01-2024_11:11:51
OPTIONS /api/users/current 06-01-2024_11:11:51
GET /api/users/current 06-01-2024_11:11:51
GET /api/users/current 06-01-2024_11:11:51
OPTIONS /api/users/logout 06-01-2024_11:11:57
POST /api/users/logout 06-01-2024_11:11:57
OPTIONS /api/users/login 06-01-2024_11:12:16
POST /api/users/login 06-01-2024_11:12:16
OPTIONS /api/users/login 06-01-2024_11:13:00
POST /api/users/login 06-01-2024_11:13:00
OPTIONS /api/users/login 06-01-2024_11:14:01
POST /api/users/login 06-01-2024_11:14:01
OPTIONS /api/users/current 06-01-2024_11:15:16
OPTIONS /api/users/current 06-01-2024_11:15:16
GET /api/users/current 06-01-2024_11:15:16
GET /api/users/current 06-01-2024_11:15:16
OPTIONS /api/users/logout 06-01-2024_11:17:40
POST /api/users/logout 06-01-2024_11:17:40
OPTIONS /api/users/login 06-01-2024_11:18:22
POST /api/users/login 06-01-2024_11:18:22
OPTIONS /api/users/current 06-01-2024_01:54:28
OPTIONS /api/users/current 06-01-2024_01:54:28
GET /api/users/current 06-01-2024_01:54:28
GET /api/users/current 06-01-2024_01:54:29
GET /api/users/current 06-01-2024_01:54:29
GET /api/users/current 06-01-2024_01:54:29
OPTIONS /api/users/logout 06-01-2024_01:54:32
POST /api/users/logout 06-01-2024_01:54:32
OPTIONS /api/users/login 06-01-2024_01:54:44
POST /api/users/login 06-01-2024_01:54:44
OPTIONS /api/users/logout 06-01-2024_01:59:08
POST /api/users/logout 06-01-2024_01:59:08
OPTIONS /api/users/login 06-01-2024_01:59:19
POST /api/users/login 06-01-2024_01:59:19
OPTIONS /api/users/current 06-01-2024_02:19:13
OPTIONS /api/users/current 06-01-2024_02:19:13
GET /api/users/current 06-01-2024_02:19:13
GET /api/users/current 06-01-2024_02:19:13
OPTIONS /api/users/login 07-01-2024_10:46:13
POST /api/users/login 07-01-2024_10:46:13
OPTIONS /api/users/login 07-01-2024_11:01:17
POST /api/users/login 07-01-2024_11:01:17
OPTIONS /api/users/logout 07-01-2024_11:03:21
POST /api/users/logout 07-01-2024_11:03:21
OPTIONS /api/users/login 07-01-2024_11:03:32
POST /api/users/login 07-01-2024_11:03:32
OPTIONS /api/users/current 07-01-2024_11:08:32
OPTIONS /api/users/current 07-01-2024_11:08:32
GET /api/users/current 07-01-2024_11:08:32
GET /api/users/current 07-01-2024_11:08:32
OPTIONS /api/users/logout 07-01-2024_06:57:19
POST /api/users/logout 07-01-2024_06:57:19
OPTIONS /api/users/login 07-01-2024_06:57:26
POST /api/users/login 07-01-2024_06:57:26
OPTIONS /api/users/current 07-01-2024_07:16:13
OPTIONS /api/users/current 07-01-2024_07:16:13
GET /api/users/current 07-01-2024_07:16:13
GET /api/users/current 07-01-2024_07:16:13
OPTIONS /api/users/current 07-01-2024_07:16:23
OPTIONS /api/users/current 07-01-2024_07:16:23
GET /api/users/current 07-01-2024_07:16:23
GET /api/users/current 07-01-2024_07:16:23
OPTIONS /api/users/current 07-01-2024_07:17:32
OPTIONS /api/users/current 07-01-2024_07:17:32
GET /api/users/current 07-01-2024_07:17:32
GET /api/users/current 07-01-2024_07:17:32
OPTIONS /api/users/current 07-01-2024_07:18:10
OPTIONS /api/users/current 07-01-2024_07:18:10
GET /api/users/current 07-01-2024_07:18:10
GET /api/users/current 07-01-2024_07:18:10
OPTIONS /api/users/current 07-01-2024_07:18:26
OPTIONS /api/users/current 07-01-2024_07:18:26
GET /api/users/current 07-01-2024_07:18:26
GET /api/users/current 07-01-2024_07:18:26
OPTIONS /api/users/current 07-01-2024_07:18:53
OPTIONS /api/users/current 07-01-2024_07:18:53
GET /api/users/current 07-01-2024_07:18:53
GET /api/users/current 07-01-2024_07:18:53
OPTIONS /api/users/current 07-01-2024_07:19:38
OPTIONS /api/users/current 07-01-2024_07:19:38
GET /api/users/current 07-01-2024_07:19:38
GET /api/users/current 07-01-2024_07:19:38
OPTIONS /api/users/current 07-01-2024_07:22:48
OPTIONS /api/users/current 07-01-2024_07:22:48
GET /api/users/current 07-01-2024_07:22:48
GET /api/users/current 07-01-2024_07:22:48
OPTIONS /api/users/current 07-01-2024_07:23:13
OPTIONS /api/users/current 07-01-2024_07:23:13
GET /api/users/current 07-01-2024_07:23:13
GET /api/users/current 07-01-2024_07:23:13
OPTIONS /api/users/current 07-01-2024_07:25:44
OPTIONS /api/users/current 07-01-2024_07:25:44
GET /api/users/current 07-01-2024_07:25:44
GET /api/users/current 07-01-2024_07:25:44
OPTIONS /api/users/current 07-01-2024_07:31:12
OPTIONS /api/users/current 07-01-2024_07:31:12
GET /api/users/current 07-01-2024_07:31:12
GET /api/users/current 07-01-2024_07:31:12
OPTIONS /api/users/current 07-01-2024_08:17:03
OPTIONS /api/users/current 07-01-2024_08:17:03
GET /api/users/current 07-01-2024_08:17:03
GET /api/users/current 07-01-2024_08:17:03
OPTIONS /api/users/logout 07-01-2024_08:17:36
POST /api/users/logout 07-01-2024_08:17:36
OPTIONS /api/users/login 07-01-2024_08:17:42
POST /api/users/login 07-01-2024_08:17:42
OPTIONS /api/users/current 07-01-2024_08:27:20
OPTIONS /api/users/current 07-01-2024_08:27:20
GET /api/users/current 07-01-2024_08:27:20
GET /api/users/current 07-01-2024_08:27:20
OPTIONS /api/users/current 07-01-2024_08:53:46
OPTIONS /api/users/current 07-01-2024_08:53:46
GET /api/users/current 07-01-2024_08:53:46
GET /api/users/current 07-01-2024_08:53:46
OPTIONS /api/users/current 07-01-2024_08:53:59
GET /api/users/current 07-01-2024_08:53:59
GET /api/users/current 07-01-2024_08:53:59
OPTIONS /api/users/current 07-01-2024_08:55:34
OPTIONS /api/users/current 07-01-2024_08:55:34
GET /api/users/current 07-01-2024_08:55:34
GET /api/users/current 07-01-2024_08:55:34
OPTIONS /api/users/current 07-01-2024_08:55:49
OPTIONS /api/users/current 07-01-2024_08:55:49
GET /api/users/current 07-01-2024_08:55:49
GET /api/users/current 07-01-2024_08:55:49
OPTIONS /api/users/current 07-01-2024_08:55:55
GET /api/users/current 07-01-2024_08:55:55
GET /api/users/current 07-01-2024_08:55:55
OPTIONS /api/users/current/update 07-01-2024_08:59:21
PATCH /api/users/current/update 07-01-2024_08:59:21
OPTIONS /api/users/current 07-01-2024_09:02:05
OPTIONS /api/users/current 07-01-2024_09:02:05
GET /api/users/current 07-01-2024_09:02:05
GET /api/users/current 07-01-2024_09:02:05
OPTIONS /api/users/current/update 07-01-2024_09:13:38
PATCH /api/users/current/update 07-01-2024_09:13:38
OPTIONS /api/users/current/update 07-01-2024_09:14:30
PATCH /api/users/current/update 07-01-2024_09:14:30
OPTIONS /api/users/current/update 07-01-2024_09:15:09
PATCH /api/users/current/update 07-01-2024_09:15:09
OPTIONS /api/users/current/update 07-01-2024_09:15:19
PATCH /api/users/current/update 07-01-2024_09:15:19
OPTIONS /api/users/current/update 07-01-2024_09:16:52
PATCH /api/users/current/update 07-01-2024_09:16:52
OPTIONS /api/users/current 07-01-2024_09:22:48
OPTIONS /api/users/current 07-01-2024_09:22:48
GET /api/users/current 07-01-2024_09:22:48
GET /api/users/current 07-01-2024_09:22:49
OPTIONS /api/users/current/update 07-01-2024_09:23:09
PATCH /api/users/current/update 07-01-2024_09:23:09
OPTIONS /api/users/current 07-01-2024_09:52:40
OPTIONS /api/users/current 07-01-2024_09:52:40
GET /api/users/current 07-01-2024_09:52:40
GET /api/users/current 07-01-2024_09:52:40
OPTIONS /api/users/current/update 07-01-2024_09:53:08
PATCH /api/users/current/update 07-01-2024_09:53:08
OPTIONS /api/users/current/update 07-01-2024_09:57:25
PATCH /api/users/current/update 07-01-2024_09:57:25
OPTIONS /api/users/current 07-01-2024_09:58:31
OPTIONS /api/users/current 07-01-2024_09:58:31
GET /api/users/current 07-01-2024_09:58:31
GET /api/users/current 07-01-2024_09:58:32
OPTIONS /api/users/current/update 07-01-2024_09:58:58
PATCH /api/users/current/update 07-01-2024_09:58:58
OPTIONS /api/users/current 07-01-2024_09:59:26
OPTIONS /api/users/current 07-01-2024_09:59:26
GET /api/users/current 07-01-2024_09:59:26
GET /api/users/current 07-01-2024_09:59:26
OPTIONS /api/users/current/update 07-01-2024_09:59:40
PATCH /api/users/current/update 07-01-2024_09:59:40
OPTIONS /api/users/current 07-01-2024_10:01:22
OPTIONS /api/users/current 07-01-2024_10:01:22
GET /api/users/current 07-01-2024_10:01:22
GET /api/users/current 07-01-2024_10:01:22
OPTIONS /api/users/current 07-01-2024_10:02:29
OPTIONS /api/users/current 07-01-2024_10:02:29
GET /api/users/current 07-01-2024_10:02:29
GET /api/users/current 07-01-2024_10:02:29
OPTIONS /api/users/current/update 07-01-2024_10:08:10
PATCH /api/users/current/update 07-01-2024_10:08:10
OPTIONS /api/users/current 07-01-2024_10:08:20
OPTIONS /api/users/current 07-01-2024_10:08:20
GET /api/users/current 07-01-2024_10:08:20
GET /api/users/current 07-01-2024_10:08:20
OPTIONS /api/users/current 07-01-2024_10:08:52
OPTIONS /api/users/current 07-01-2024_10:08:52
GET /api/users/current 07-01-2024_10:08:52
GET /api/users/current 07-01-2024_10:08:52
OPTIONS /api/users/current 07-01-2024_10:10:24
OPTIONS /api/users/current 07-01-2024_10:10:24
GET /api/users/current 07-01-2024_10:10:24
GET /api/users/current 07-01-2024_10:10:25
OPTIONS /api/users/current 07-01-2024_10:10:34
OPTIONS /api/users/current 07-01-2024_10:10:34
GET /api/users/current 07-01-2024_10:10:34
GET /api/users/current 07-01-2024_10:10:34
OPTIONS /api/users/current 07-01-2024_10:12:55
OPTIONS /api/users/current 07-01-2024_10:12:55
GET /api/users/current 07-01-2024_10:12:55
GET /api/users/current 07-01-2024_10:12:55
GET /api/users/current 07-01-2024_10:12:59
GET /api/users/current 07-01-2024_10:12:59
OPTIONS /api/users/current 07-01-2024_10:15:14
OPTIONS /api/users/current 07-01-2024_10:15:14
GET /api/users/current 07-01-2024_10:15:14
GET /api/users/current 07-01-2024_10:15:14
OPTIONS /api/users/current 07-01-2024_10:17:51
OPTIONS /api/users/current 07-01-2024_10:17:51
GET /api/users/current 07-01-2024_10:17:51
GET /api/users/current 07-01-2024_10:17:51
OPTIONS /api/users/current 07-01-2024_10:18:02
OPTIONS /api/users/current 07-01-2024_10:18:02
GET /api/users/current 07-01-2024_10:18:02
GET /api/users/current 07-01-2024_10:18:02
OPTIONS /api/users/current 07-01-2024_10:18:49
OPTIONS /api/users/current 07-01-2024_10:18:49
GET /api/users/current 07-01-2024_10:18:49
GET /api/users/current 07-01-2024_10:18:49
OPTIONS /api/users/current 07-01-2024_10:20:22
OPTIONS /api/users/current 07-01-2024_10:20:22
GET /api/users/current 07-01-2024_10:20:22
GET /api/users/current 07-01-2024_10:20:22
OPTIONS /api/users/current 07-01-2024_10:21:18
OPTIONS /api/users/current 07-01-2024_10:21:18
GET /api/users/current 07-01-2024_10:21:18
GET /api/users/current 07-01-2024_10:21:19
OPTIONS /api/users/current 07-01-2024_10:21:52
OPTIONS /api/users/current 07-01-2024_10:21:52
GET /api/users/current 07-01-2024_10:21:52
GET /api/users/current 07-01-2024_10:21:52
OPTIONS /api/users/current 07-01-2024_10:22:11
OPTIONS /api/users/current 07-01-2024_10:22:11
GET /api/users/current 07-01-2024_10:22:11
GET /api/users/current 07-01-2024_10:22:11
OPTIONS /api/users/current 07-01-2024_10:24:09
OPTIONS /api/users/current 07-01-2024_10:24:09
GET /api/users/current 07-01-2024_10:24:09
GET /api/users/current 07-01-2024_10:24:09
OPTIONS /api/users/current 07-01-2024_10:26:07
OPTIONS /api/users/current 07-01-2024_10:26:07
GET /api/users/current 07-01-2024_10:26:07
GET /api/users/current 07-01-2024_10:26:08
OPTIONS /api/users/current 07-01-2024_10:28:58
OPTIONS /api/users/current 07-01-2024_10:28:58
GET /api/users/current 07-01-2024_10:28:58
GET /api/users/current 07-01-2024_10:28:59
OPTIONS /api/users/current 07-01-2024_10:30:39
OPTIONS /api/users/current 07-01-2024_10:30:39
GET /api/users/current 07-01-2024_10:30:39
GET /api/users/current 07-01-2024_10:30:39
OPTIONS /api/users/current 07-01-2024_10:32:09
OPTIONS /api/users/current 07-01-2024_10:32:09
GET /api/users/current 07-01-2024_10:32:09
GET /api/users/current 07-01-2024_10:32:09
OPTIONS /api/users/current 07-01-2024_10:33:27
OPTIONS /api/users/current 07-01-2024_10:33:27
GET /api/users/current 07-01-2024_10:33:27
GET /api/users/current 07-01-2024_10:33:27
OPTIONS /api/users/current 07-01-2024_10:34:30
OPTIONS /api/users/current 07-01-2024_10:34:30
GET /api/users/current 07-01-2024_10:34:30
GET /api/users/current 07-01-2024_10:34:30
OPTIONS /api/users/current 07-01-2024_10:35:57
OPTIONS /api/users/current 07-01-2024_10:35:57
GET /api/users/current 07-01-2024_10:35:57
GET /api/users/current 07-01-2024_10:35:57
OPTIONS /api/users/current 07-01-2024_10:38:39
OPTIONS /api/users/current 07-01-2024_10:38:39
GET /api/users/current 07-01-2024_10:38:39
GET /api/users/current 07-01-2024_10:38:39
OPTIONS /api/users/logout 07-01-2024_10:50:59
POST /api/users/logout 07-01-2024_10:50:59
OPTIONS /api/users/login 07-01-2024_10:51:07
POST /api/users/login 07-01-2024_10:51:07
OPTIONS /api/users/logout 07-01-2024_10:52:02
POST /api/users/logout 07-01-2024_10:52:02
OPTIONS /api/users/login 07-01-2024_10:52:07
POST /api/users/login 07-01-2024_10:52:07
OPTIONS /api/users/logout 07-01-2024_10:53:36
POST /api/users/logout 07-01-2024_10:53:36
OPTIONS /api/users/login 07-01-2024_10:53:42
POST /api/users/login 07-01-2024_10:53:42
OPTIONS /api/users/logout 07-01-2024_10:55:35
POST /api/users/logout 07-01-2024_10:55:35
OPTIONS /api/users/login 07-01-2024_10:55:43
POST /api/users/login 07-01-2024_10:55:43
OPTIONS /api/users/logout 07-01-2024_10:55:52
POST /api/users/logout 07-01-2024_10:55:52
OPTIONS /api/users/login 07-01-2024_10:56:13
POST /api/users/login 07-01-2024_10:56:13
OPTIONS /api/users/current 07-01-2024_11:04:07
OPTIONS /api/users/current 07-01-2024_11:04:07
GET /api/users/current 07-01-2024_11:04:07
GET /api/users/current 07-01-2024_11:04:07
OPTIONS /api/users/current/update 07-01-2024_11:10:14
PATCH /api/users/current/update 07-01-2024_11:10:14
OPTIONS /api/users/current/update 07-01-2024_11:10:26
PATCH /api/users/current/update 07-01-2024_11:10:26
OPTIONS /api/users/current 07-01-2024_11:11:03
OPTIONS /api/users/current 07-01-2024_11:11:03
GET /api/users/current 07-01-2024_11:11:03
GET /api/users/current 07-01-2024_11:11:03
OPTIONS /api/users/current/update 07-01-2024_11:11:19
PATCH /api/users/current/update 07-01-2024_11:11:19
OPTIONS /api/users/logout 07-01-2024_11:11:37
POST /api/users/logout 07-01-2024_11:11:37
OPTIONS /api/users/login 07-01-2024_11:11:45
POST /api/users/login 07-01-2024_11:11:45
OPTIONS /api/users/current/update 07-01-2024_11:17:22
PATCH /api/users/current/update 07-01-2024_11:17:22
OPTIONS /api/users/current 07-01-2024_11:18:13
OPTIONS /api/users/current 07-01-2024_11:18:13
GET /api/users/current 07-01-2024_11:18:13
GET /api/users/current 07-01-2024_11:18:13
OPTIONS /api/users/current 07-01-2024_11:34:53
OPTIONS /api/users/current 07-01-2024_11:34:53
GET /api/users/current 07-01-2024_11:34:53
GET /api/users/current 07-01-2024_11:34:54
OPTIONS /api/users/current 07-01-2024_11:35:03
OPTIONS /api/users/current 07-01-2024_11:35:03
GET /api/users/current 07-01-2024_11:35:03
GET /api/users/current 07-01-2024_11:35:03
OPTIONS /api/users/current 07-01-2024_11:40:54
OPTIONS /api/users/current 07-01-2024_11:40:54
GET /api/users/current 07-01-2024_11:40:54
GET /api/users/current 07-01-2024_11:40:54
OPTIONS /api/users/login 07-01-2024_11:41:44
POST /api/users/login 07-01-2024_11:41:44
OPTIONS /api/users/current 07-01-2024_11:43:02
OPTIONS /api/users/current 07-01-2024_11:43:02
GET /api/users/current 07-01-2024_11:43:02
GET /api/users/current 07-01-2024_11:43:02